Starting new HTTPS connection (1): github.com
Starting new HTTPS connection (1): codeload.github.com
Sun Apr 26 16:58:28 2020
Starting new HTTPS connection (1): github.com
Starting new HTTPS connection (1): codeload.github.com
Starting new HTTPS connection (1): github.com
Starting new HTTPS connection (1): codeload.github.com
Sun Apr 26 17:00:17 2020
Starting new HTTPS connection (1): github.com
Starting new HTTPS connection (1): codeload.github.com
Sun Apr 26 17:01:11 2020
Sun Apr 26 17:02:03 2020
Starting new HTTPS connection (1): github.com
Starting new HTTPS connection (1): codeload.github.com
Sun Apr 26 17:03:41 2020
Starting new HTTPS connection (1): github.com
Starting new HTTPS connection (1): codeload.github.com
Sun Apr 26 17:05:08 2020
Starting new HTTPS connection (1): github.com
Starting new HTTPS connection (1): codeload.github.com
Sun Apr 26 17:06:33 2020
Starting new HTTPS connection (1): github.com
Starting new HTTPS connection (1): codeload.github.com
Sun Apr 26 17:08:25 2020
Wed Apr 29 13:15:49 2020
Fri May 22 16:24:36 2020
Sun May 31 13:24:23 2020
Sun May 31 13:27:13 2020
